09:19:57 **** Build of configuration Debug for project Lecture1 ****
make all 
Building file: ../test/testDegreeFunctions.c
Invoking: GCC C Compiler
gcc -O0 -g3 -Wall -c -fmessage-length=0 -MMD -MP -MF"test/testDegreeFunctions.d" -MT"test/testDegreeFunctions.d" -o "test/testDegreeFunctions.o" "../test/testDegreeFunctions.c"
../test/testDegreeFunctions.c:10:10: fatal error: '../src/DegreeFunctions.h' file not found
#include "../src/DegreeFunctions.h"
         ^
1 error generated.
make: *** [test/testDegreeFunctions.o] Error 1

09:19:58 Build Finished (took 365ms)

