09:20:00 **** Build of configuration Debug for project test ****
make all 
Building file: ../src/DegreeFunctions.c
Invoking: GCC C Compiler
gcc -O0 -g3 -Wall -c -fmessage-length=0 -MMD -MP -MF"src/DegreeFunctions.d" -MT"src/DegreeFunctions.d" -o "src/DegreeFunctions.o" "../src/DegreeFunctions.c"
Finished building: ../src/DegreeFunctions.c
 
Building target: test
Invoking: MacOS X C Linker
gcc  -o "test"  ./src/DegreeFunctions.o   
Undefined symbols for architecture x86_64:
  "_main", referenced from:
     implicit entry/start for main executable
ld: symbol(s) not found for architecture x86_64
clang: error: linker command failed with exit code 1 (use -v to see invocation)
make: *** [test] Error 1

09:20:00 Build Finished (took 118ms)

